# JRE version: Java(TM) SE Runtime Environment (8.0_201-b09) (build 1.8.0_201-b09)
# Java VM: Java HotSpot(TM) 64-Bit Server VM (25.201-b09 mixed mode linux-amd64 compressed oops)
Heap:
 PSYoungGen      total 401920K, used 53185K [0x00000000d6e00000, 0x0000000100000000, 0x0000000100000000)
  eden space 303104K, 0% used [0x00000000d6e00000,0x00000000d6e00000,0x00000000e9600000)
  from space 98816K, 53% used [0x00000000f9f80000,0x00000000fd370718,0x0000000100000000)
  to   space 185344K, 0% used [0x00000000e9600000,0x00000000e9600000,0x00000000f4b00000)
 ParOldGen       total 211456K, used 210955K [0x0000000084a00000, 0x0000000091880000, 0x00000000d6e00000)
  object space 211456K, 99% used [0x0000000084a00000,0x0000000091802c20,0x0000000091880000)
 Metaspace       used 40790K, capacity 41916K, committed 42240K, reserved 1087488K
  class space    used 4604K, capacity 4989K, committed 5120K, reserved 1048576K
GC Heap History (10 events):
Event: 16.446 GC heap after
Heap after GC invocations=15 (full 2):
 PSYoungGen      total 438784K, used 18921K [0x00000000d6e00000, 0x0000000100000000, 0x0000000100000000)
  eden space 418304K, 0% used [0x00000000d6e00000,0x00000000d6e00000,0x00000000f0680000)
  from space 20480K, 92% used [0x00000000f0680000,0x00000000f18fa5c0,0x00000000f1a80000)
  to   space 61440K, 0% used [0x00000000fc400000,0x00000000fc400000,0x0000000100000000)
 ParOldGen       total 259584K, used 138341K [0x0000000084a00000, 0x0000000094780000, 0x00000000d6e00000)
  object space 259584K, 53% used [0x0000000084a00000,0x000000008d119788,0x0000000094780000)
 Metaspace       used 25904K, capacity 26788K, committed 27008K, reserved 1073152K
  class space    used 3087K, capacity 3391K, committed 3456K, reserved 1048576K
}
Event: 18.959 GC heap before
{Heap before GC invocations=16 (full 2):
 PSYoungGen      total 438784K, used 437225K [0x00000000d6e00000, 0x0000000100000000, 0x0000000100000000)
  eden space 418304K, 100% used [0x00000000d6e00000,0x00000000f0680000,0x00000000f0680000)
  from space 20480K, 92% used [0x00000000f0680000,0x00000000f18fa5c0,0x00000000f1a80000)
  to   space 61440K, 0% used [0x00000000fc400000,0x00000000fc400000,0x0000000100000000)
 ParOldGen       total 259584K, used 138341K [0x0000000084a00000, 0x0000000094780000, 0x00000000d6e00000)
  object space 259584K, 53% used [0x0000000084a00000,0x000000008d119788,0x0000000094780000)
 Metaspace       used 31489K, capacity 32486K, committed 32768K, reserved 1077248K
  class space    used 3744K, capacity 4066K, committed 4096K, reserved 1048576K
Event: 19.902 GC heap after
Heap after GC invocations=16 (full 2):
 PSYoungGen      total 537600K, used 61409K [0x00000000d6e00000, 0x0000000100000000, 0x0000000100000000)
  eden space 476160K, 0% used [0x00000000d6e00000,0x00000000d6e00000,0x00000000f3f00000)
  from space 61440K, 99% used [0x00000000fc400000,0x00000000ffff8680,0x0000000100000000)
  to   space 98816K, 0% used [0x00000000f3f00000,0x00000000f3f00000,0x00000000f9f80000)
 ParOldGen       total 259584K, used 209906K [0x0000000084a00000, 0x0000000094780000, 0x00000000d6e00000)
  object space 259584K, 80% used [0x0000000084a00000,0x00000000916fca10,0x0000000094780000)
 Metaspace       used 31489K, capacity 32486K, committed 32768K, reserved 1077248K
  class space    used 3744K, capacity 4066K, committed 4096K, reserved 1048576K
}
Event: 19.902 GC heap before
{Heap before GC invocations=17 (full 3):
 PSYoungGen      total 537600K, used 61409K [0x00000000d6e00000, 0x0000000100000000, 0x0000000100000000)
  eden space 476160K, 0% used [0x00000000d6e00000,0x00000000d6e00000,0x00000000f3f00000)
  from space 61440K, 99% used [0x00000000fc400000,0x00000000ffff8680,0x0000000100000000)
  to   space 98816K, 0% used [0x00000000f3f00000,0x00000000f3f00000,0x00000000f9f80000)
 ParOldGen       total 259584K, used 209906K [0x0000000084a00000, 0x0000000094780000, 0x00000000d6e00000)
  object space 259584K, 80% used [0x0000000084a00000,0x00000000916fca10,0x0000000094780000)
 Metaspace       used 31489K, capacity 32486K, committed 32768K, reserved 1077248K
  class space    used 3744K, capacity 4066K, committed 4096K, reserved 1048576K
Event: 20.202 GC heap after
Heap after GC invocations=17 (full 3):
 PSYoungGen      total 537600K, used 0K [0x00000000d6e00000, 0x0000000100000000, 0x0000000100000000)
  eden space 476160K, 0% used [0x00000000d6e00000,0x00000000d6e00000,0x00000000f3f00000)
  from space 61440K, 0% used [0x00000000fc400000,0x00000000fc400000,0x0000000100000000)
  to   space 98816K, 0% used [0x00000000f3f00000,0x00000000f3f00000,0x00000000f9f80000)
 ParOldGen       total 211456K, used 49602K [0x0000000084a00000, 0x0000000091880000, 0x00000000d6e00000)
  object space 211456K, 23% used [0x0000000084a00000,0x0000000087a709f0,0x0000000091880000)
 Metaspace       used 31489K, capacity 32486K, committed 32768K, reserved 1077248K
  class space    used 3744K, capacity 4066K, committed 4096K, reserved 1048576K
}
Event: 33.224 GC heap before
{Heap before GC invocations=18 (full 3):
 PSYoungGen      total 537600K, used 476160K [0x00000000d6e00000, 0x0000000100000000, 0x0000000100000000)
  eden space 476160K, 100% used [0x00000000d6e00000,0x00000000f3f00000,0x00000000f3f00000)
  from space 61440K, 0% used [0x00000000fc400000,0x00000000fc400000,0x0000000100000000)
  to   space 98816K, 0% used [0x00000000f3f00000,0x00000000f3f00000,0x00000000f9f80000)
 ParOldGen       total 211456K, used 49602K [0x0000000084a00000, 0x0000000091880000, 0x00000000d6e00000)
  object space 211456K, 23% used [0x0000000084a00000,0x0000000087a709f0,0x0000000091880000)
 Metaspace       used 40874K, capacity 42094K, committed 42240K, reserved 1087488K
  class space    used 4620K, capacity 5028K, committed 5120K, reserved 1048576K
Event: 33.445 GC heap after
Heap after GC invocations=18 (full 3):
 PSYoungGen      total 574976K, used 98800K [0x00000000d6e00000, 0x0000000100000000, 0x0000000100000000)
  eden space 476160K, 0% used [0x00000000d6e00000,0x00000000d6e00000,0x00000000f3f00000)
  from space 98816K, 99% used [0x00000000f3f00000,0x00000000f9f7c040,0x00000000f9f80000)
  to   space 98816K, 0% used [0x00000000f9f80000,0x00000000f9f80000,0x0000000100000000)
 ParOldGen       total 211456K, used 53659K [0x0000000084a00000, 0x0000000091880000, 0x00000000d6e00000)
  object space 211456K, 25% used [0x0000000084a00000,0x0000000087e66f70,0x0000000091880000)
 Metaspace       used 40874K, capacity 42094K, committed 42240K, reserved 1087488K
  class space    used 4620K, capacity 5028K, committed 5120K, reserved 1048576K
}
Event: 46.134 GC heap before
{Heap before GC invocations=19 (full 3):
 PSYoungGen      total 574976K, used 574960K [0x00000000d6e00000, 0x0000000100000000, 0x0000000100000000)
  eden space 476160K, 100% used [0x00000000d6e00000,0x00000000f3f00000,0x00000000f3f00000)
  from space 98816K, 99% used [0x00000000f3f00000,0x00000000f9f7c040,0x00000000f9f80000)
  to   space 98816K, 0% used [0x00000000f9f80000,0x00000000f9f80000,0x0000000100000000)
 ParOldGen       total 211456K, used 53659K [0x0000000084a00000, 0x0000000091880000, 0x00000000d6e00000)
  object space 211456K, 25% used [0x0000000084a00000,0x0000000087e66f70,0x0000000091880000)
 Metaspace       used 40888K, capacity 42100K, committed 42240K, reserved 1087488K
  class space    used 4621K, capacity 5029K, committed 5120K, reserved 1048576K
Event: 46.413 GC heap after
Heap after GC invocations=19 (full 3):
 PSYoungGen      total 401920K, used 98816K [0x00000000d6e00000, 0x0000000100000000, 0x0000000100000000)
  eden space 303104K, 0% used [0x00000000d6e00000,0x00000000d6e00000,0x00000000e9600000)
  from space 98816K, 100% used [0x00000000f9f80000,0x0000000100000000,0x0000000100000000)
  to   space 185344K, 0% used [0x00000000e9600000,0x00000000e9600000,0x00000000f4b00000)
 ParOldGen       total 211456K, used 197644K [0x0000000084a00000, 0x0000000091880000, 0x00000000d6e00000)
  object space 211456K, 93% used [0x0000000084a00000,0x0000000090b03220,0x0000000091880000)
 Metaspace       used 40888K, capacity 42100K, committed 42240K, reserved 1087488K
  class space    used 4621K, capacity 5029K, committed 5120K, reserved 1048576K
}
Event: 46.479 GC heap before
{Heap before GC invocations=20 (full 4):
 PSYoungGen      total 401920K, used 98816K [0x00000000d6e00000, 0x0000000100000000, 0x0000000100000000)
  eden space 303104K, 0% used [0x00000000d6e00000,0x00000000d6e00000,0x00000000e9600000)
  from space 98816K, 100% used [0x00000000f9f80000,0x0000000100000000,0x0000000100000000)
  to   space 185344K, 0% used [0x00000000e9600000,0x00000000e9600000,0x00000000f4b00000)
 ParOldGen       total 211456K, used 197644K [0x0000000084a00000, 0x0000000091880000, 0x00000000d6e00000)
  object space 211456K, 93% used [0x0000000084a00000,0x0000000090b03220,0x0000000091880000)
 Metaspace       used 40888K, capacity 42100K, committed 42240K, reserved 1087488K
  class space    used 4621K, capacity 5029K, committed 5120K, reserved 1048576K

